<?xml version="1.0" encoding="UTF-8"?>
<testsuite name="LibraryTest" tests="1" skipped="0" failures="0" errors="0" timestamp="2022-10-27T20:52:21" hostname="whenes" time="0.027">
  <properties/>
  <testcase name="testSomeLibraryMethod()" classname="LibraryTest" time="0.027"/>
  <system-out><![CDATA[]]></system-out>
  <system-err><![CDATA[]]></system-err>
</testsuite>
